<?xml version="1.0" encoding="UTF-8"?>
<!-- Generated by org.testng.reporters.JUnitReportReporter -->
<testsuite hostname="Princes-MacBook-Air.local" failures="0" tests="4" name="api.test.Usertest" time="3.278" errors="0" timestamp="2024-09-30T22:50:10 IST" skipped="3">
  <testcase classname="api.test.Usertest" name="getallUsers" time="3.278"/>
  <testcase classname="api.test.Usertest" name="deleteuser">
    <skipped/>
  </testcase> <!-- deleteuser -->
  <testcase classname="api.test.Usertest" name="newusercreation">
    <skipped/>
  </testcase> <!-- newusercreation -->
  <testcase classname="api.test.Usertest" name="updateuser">
    <skipped/>
  </testcase> <!-- updateuser -->
</testsuite> <!-- api.test.Usertest -->
